\BOOKMARK [0][-]{chapter.1}{Background}{}% 1
\BOOKMARK [1][-]{section.1.1}{Goal of the thesis}{chapter.1}% 2
\BOOKMARK [1][-]{section.1.2}{Motivation}{chapter.1}% 3
\BOOKMARK [1][-]{section.1.3}{Current status}{chapter.1}% 4
\BOOKMARK [2][-]{subsection.1.3.1}{Internet}{section.1.3}% 5
\BOOKMARK [2][-]{subsection.1.3.2}{Mobile networks}{section.1.3}% 6
\BOOKMARK [2][-]{subsection.1.3.3}{A closer look at lte}{section.1.3}% 7
\BOOKMARK [2][-]{subsection.1.3.4}{epc}{section.1.3}% 8
\BOOKMARK [1][-]{section.1.4}{Future - mobile networks}{chapter.1}% 9
\BOOKMARK [2][-]{subsection.1.4.1}{Applications}{section.1.4}% 10
\BOOKMARK [1][-]{section.1.5}{Developing wireless technologies}{chapter.1}% 11
\BOOKMARK [2][-]{subsection.1.5.1}{The general idea}{section.1.5}% 12
\BOOKMARK [2][-]{subsection.1.5.2}{eMTC/LTE-M and nb-iot}{section.1.5}% 13
\BOOKMARK [2][-]{subsection.1.5.3}{LoRa online:LoRa}{section.1.5}% 14
\BOOKMARK [0][-]{chapter.2}{A dive into NarrowBand IoT}{}% 15
\BOOKMARK [1][-]{section.2.1}{System design}{chapter.2}% 16
\BOOKMARK [1][-]{section.2.2}{Deployment}{chapter.2}% 17
\BOOKMARK [2][-]{subsection.2.2.1}{Operation modes}{section.2.2}% 18
\BOOKMARK [1][-]{section.2.3}{Introduction to energy saving}{chapter.2}% 19
\BOOKMARK [2][-]{subsection.2.3.1}{RRC connected mode}{section.2.3}% 20
\BOOKMARK [2][-]{subsection.2.3.2}{RRC idle mode}{section.2.3}% 21
\BOOKMARK [2][-]{subsection.2.3.3}{edrx}{section.2.3}% 22
\BOOKMARK [2][-]{subsection.2.3.4}{psm}{section.2.3}% 23
\BOOKMARK [2][-]{subsection.2.3.5}{Paging}{section.2.3}% 24
\BOOKMARK [2][-]{subsection.2.3.6}{ECL}{section.2.3}% 25
\BOOKMARK [2][-]{subsection.2.3.7}{The transmit procedure}{section.2.3}% 26
\BOOKMARK [1][-]{section.2.4}{The current market and deployment strategies}{chapter.2}% 27
\BOOKMARK [2][-]{subsection.2.4.1}{Manufacturers and stakeholders}{section.2.4}% 28
\BOOKMARK [2][-]{subsection.2.4.2}{Deployment}{section.2.4}% 29
\BOOKMARK [1][-]{section.2.5}{Challenges}{chapter.2}% 30
\BOOKMARK [-1][-]{part.1}{I The project}{}% 31
\BOOKMARK [0][-]{chapter.3}{Where, why and how?}{part.1}% 32
\BOOKMARK [1][-]{section.3.1}{Testing environment}{chapter.3}% 33
\BOOKMARK [2][-]{subsection.3.1.1}{Maps and distances}{section.3.1}% 34
\BOOKMARK [1][-]{section.3.2}{Devices}{chapter.3}% 35
\BOOKMARK [2][-]{subsection.3.2.1}{Server}{section.3.2}% 36
\BOOKMARK [2][-]{subsection.3.2.2}{nb-iot development kit}{section.3.2}% 37
\BOOKMARK [2][-]{subsection.3.2.3}{Fluke precision multimeter}{section.3.2}% 38
\BOOKMARK [1][-]{section.3.3}{Software}{chapter.3}% 39
\BOOKMARK [2][-]{subsection.3.3.1}{Test programs}{section.3.3}% 40
\BOOKMARK [0][-]{chapter.4}{The web application}{part.1}% 41
\BOOKMARK [1][-]{section.4.1}{Backend: Node.js}{chapter.4}% 42
\BOOKMARK [2][-]{subsection.4.1.1}{The database}{section.4.1}% 43
\BOOKMARK [1][-]{section.4.2}{JavaScript packages for the server}{chapter.4}% 44
\BOOKMARK [2][-]{subsection.4.2.1}{Cluster}{section.4.2}% 45
\BOOKMARK [2][-]{subsection.4.2.2}{Webworker-threads}{section.4.2}% 46
\BOOKMARK [2][-]{subsection.4.2.3}{MongoDB}{section.4.2}% 47
\BOOKMARK [2][-]{subsection.4.2.4}{Moment}{section.4.2}% 48
\BOOKMARK [1][-]{section.4.3}{Frontend: React}{chapter.4}% 49
\BOOKMARK [2][-]{subsection.4.3.1}{Layout}{section.4.3}% 50
\BOOKMARK [2][-]{subsection.4.3.2}{Analysis}{section.4.3}% 51
\BOOKMARK [0][-]{chapter.5}{Testing}{part.1}% 52
\BOOKMARK [1][-]{section.5.1}{Short term tests}{chapter.5}% 53
\BOOKMARK [2][-]{subsection.5.1.1}{General}{section.5.1}% 54
\BOOKMARK [2][-]{subsection.5.1.2}{Transmit power spike}{section.5.1}% 55
\BOOKMARK [2][-]{subsection.5.1.3}{Loss of connection prior to transmit}{section.5.1}% 56
\BOOKMARK [2][-]{subsection.5.1.4}{Coverage and ecl level}{section.5.1}% 57
\BOOKMARK [2][-]{subsection.5.1.5}{Transmit comparison}{section.5.1}% 58
\BOOKMARK [2][-]{subsection.5.1.6}{Packet size}{section.5.1}% 59
\BOOKMARK [2][-]{subsection.5.1.7}{Sensor reboot}{section.5.1}% 60
\BOOKMARK [2][-]{subsection.5.1.8}{Downtime test}{section.5.1}% 61
\BOOKMARK [1][-]{section.5.2}{Short term figures}{chapter.5}% 62
\BOOKMARK [2][-]{subsection.5.2.1}{General}{section.5.2}% 63
\BOOKMARK [2][-]{subsection.5.2.2}{Downtime prior to transmit}{section.5.2}% 64
\BOOKMARK [2][-]{subsection.5.2.3}{ecl level}{section.5.2}% 65
\BOOKMARK [1][-]{section.5.3}{Long term tests}{chapter.5}% 66
\BOOKMARK [2][-]{subsection.5.3.1}{Coverage and latency}{section.5.3}% 67
\BOOKMARK [2][-]{subsection.5.3.2}{Cell selection}{section.5.3}% 68
\BOOKMARK [2][-]{subsection.5.3.3}{tsr}{section.5.3}% 69
\BOOKMARK [1][-]{section.5.4}{Deviations}{chapter.5}% 70
\BOOKMARK [2][-]{subsection.5.4.1}{Imprecise clock}{section.5.4}% 71
\BOOKMARK [2][-]{subsection.5.4.2}{Imprecise NUESTATS}{section.5.4}% 72
\BOOKMARK [2][-]{subsection.5.4.3}{Network load}{section.5.4}% 73
\BOOKMARK [2][-]{subsection.5.4.4}{Network density}{section.5.4}% 74
\BOOKMARK [2][-]{subsection.5.4.5}{Theoretical vs. practical power usage}{section.5.4}% 75
\BOOKMARK [0][-]{chapter.6}{Conclusion}{part.1}% 76
\BOOKMARK [1][-]{section.6.1}{Combining the results}{chapter.6}% 77
\BOOKMARK [2][-]{subsection.6.1.1}{Transmit process}{section.6.1}% 78
\BOOKMARK [2][-]{subsection.6.1.2}{Coverage and latency}{section.6.1}% 79
\BOOKMARK [2][-]{subsection.6.1.3}{Connection time}{section.6.1}% 80
\BOOKMARK [2][-]{subsection.6.1.4}{Uptime}{section.6.1}% 81
\BOOKMARK [1][-]{section.6.2}{Real world application guidelines}{chapter.6}% 82
\BOOKMARK [1][-]{section.6.3}{Final remarks}{chapter.6}% 83
