\BOOKMARK [-1][-]{part.1}{I Introduction}{}% 1
\BOOKMARK [0][-]{chapter.1}{Background}{part.1}% 2
\BOOKMARK [1][-]{section.1.1}{Goal of the thesis}{chapter.1}% 3
\BOOKMARK [1][-]{section.1.2}{Motivation}{chapter.1}% 4
\BOOKMARK [1][-]{section.1.3}{Parking - a realistic use case}{chapter.1}% 5
\BOOKMARK [2][-]{subsection.1.3.1}{Outline of the sensor}{section.1.3}% 6
\BOOKMARK [1][-]{section.1.4}{Current status}{chapter.1}% 7
\BOOKMARK [2][-]{subsection.1.4.1}{Internet}{section.1.4}% 8
\BOOKMARK [2][-]{subsection.1.4.2}{Mobile networks}{section.1.4}% 9
\BOOKMARK [2][-]{subsection.1.4.3}{A closer look at lte}{section.1.4}% 10
\BOOKMARK [2][-]{subsection.1.4.4}{epc}{section.1.4}% 11
\BOOKMARK [1][-]{section.1.5}{Future - mobile networks}{chapter.1}% 12
\BOOKMARK [2][-]{subsection.1.5.1}{Applications}{section.1.5}% 13
\BOOKMARK [2][-]{subsection.1.5.2}{Developing wireless technologies}{section.1.5}% 14
\BOOKMARK [0][-]{chapter.2}{A dive into NarrowBand IoT}{part.1}% 15
\BOOKMARK [1][-]{section.2.1}{Deployment}{chapter.2}% 16
\BOOKMARK [2][-]{subsection.2.1.1}{Operation modes}{section.2.1}% 17
\BOOKMARK [2][-]{subsection.2.1.2}{Security}{section.2.1}% 18
\BOOKMARK [1][-]{section.2.2}{System design}{chapter.2}% 19
\BOOKMARK [1][-]{section.2.3}{Introduction to energy saving}{chapter.2}% 20
\BOOKMARK [2][-]{subsection.2.3.1}{RRC connected mode}{section.2.3}% 21
\BOOKMARK [2][-]{subsection.2.3.2}{RRC idle mode}{section.2.3}% 22
\BOOKMARK [2][-]{subsection.2.3.3}{edrx}{section.2.3}% 23
\BOOKMARK [2][-]{subsection.2.3.4}{psm}{section.2.3}% 24
\BOOKMARK [2][-]{subsection.2.3.5}{Paging}{section.2.3}% 25
\BOOKMARK [2][-]{subsection.2.3.6}{ECL}{section.2.3}% 26
\BOOKMARK [2][-]{subsection.2.3.7}{The transmit procedure}{section.2.3}% 27
\BOOKMARK [1][-]{section.2.4}{Parking - outline of the communication}{chapter.2}% 28
\BOOKMARK [1][-]{section.2.5}{Challenges}{chapter.2}% 29
\BOOKMARK [-1][-]{part.2}{II The project}{}% 30
\BOOKMARK [0][-]{chapter.3}{Planning the project}{part.2}% 31
\BOOKMARK [1][-]{section.3.1}{The web application}{chapter.3}% 32
\BOOKMARK [2][-]{subsection.3.1.1}{Backend: Node.js}{section.3.1}% 33
\BOOKMARK [2][-]{subsection.3.1.2}{Frontend: React}{section.3.1}% 34
\BOOKMARK [1][-]{section.3.2}{The chip}{chapter.3}% 35
\BOOKMARK [2][-]{subsection.3.2.1}{Monitoring - NUESTATS}{section.3.2}% 36
\BOOKMARK [2][-]{subsection.3.2.2}{Time - CCLK}{section.3.2}% 37
\BOOKMARK [2][-]{subsection.3.2.3}{ue behaviour - NCONFIG}{section.3.2}% 38
\BOOKMARK [2][-]{subsection.3.2.4}{CSQ}{section.3.2}% 39
\BOOKMARK [2][-]{subsection.3.2.5}{CEDRXS - edrx settings}{section.3.2}% 40
\BOOKMARK [2][-]{subsection.3.2.6}{psm settings - CPSMS}{section.3.2}% 41
\BOOKMARK [2][-]{subsection.3.2.7}{NPOWERCLASS}{section.3.2}% 42
\BOOKMARK [2][-]{subsection.3.2.8}{Create socket - NSOCR}{section.3.2}% 43
\BOOKMARK [2][-]{subsection.3.2.9}{SendTo command with flags - NSOSTF}{section.3.2}% 44
\BOOKMARK [2][-]{subsection.3.2.10}{Signaling connection status - CSCON}{section.3.2}% 45
\BOOKMARK [2][-]{subsection.3.2.11}{Network registration status - CEREG}{section.3.2}% 46
\BOOKMARK [2][-]{subsection.3.2.12}{psm status - NPSMR}{section.3.2}% 47
\BOOKMARK [0][-]{chapter.4}{Testing}{part.2}% 48
\BOOKMARK [1][-]{section.4.1}{Testing environment}{chapter.4}% 49
\BOOKMARK [2][-]{subsection.4.1.1}{Devices}{section.4.1}% 50
\BOOKMARK [2][-]{subsection.4.1.2}{Writing tests}{section.4.1}% 51
\BOOKMARK [1][-]{section.4.2}{Detailed nb-iot tests}{chapter.4}% 52
\BOOKMARK [2][-]{subsection.4.2.1}{Latency test}{section.4.2}% 53
\BOOKMARK [2][-]{subsection.4.2.2}{Coverage test}{section.4.2}% 54
\BOOKMARK [2][-]{subsection.4.2.3}{Packet size}{section.4.2}% 55
\BOOKMARK [2][-]{subsection.4.2.4}{Reboot of sensor?}{section.4.2}% 56
\BOOKMARK [2][-]{subsection.4.2.5}{Cell selection test}{section.4.2}% 57
\BOOKMARK [2][-]{subsection.4.2.6}{Downtime test}{section.4.2}% 58
\BOOKMARK [1][-]{section.4.3}{Long term tests}{chapter.4}% 59
\BOOKMARK [2][-]{subsection.4.3.1}{Coverage and latency}{section.4.3}% 60
\BOOKMARK [2][-]{subsection.4.3.2}{Operating modes}{section.4.3}% 61
\BOOKMARK [2][-]{subsection.4.3.3}{Cell selection}{section.4.3}% 62
\BOOKMARK [2][-]{subsection.4.3.4}{Uptime}{section.4.3}% 63
\BOOKMARK [1][-]{section.4.4}{Deviations}{chapter.4}% 64
\BOOKMARK [2][-]{subsection.4.4.1}{Imprecise clock}{section.4.4}% 65
\BOOKMARK [2][-]{subsection.4.4.2}{Network load}{section.4.4}% 66
\BOOKMARK [2][-]{subsection.4.4.3}{Network density}{section.4.4}% 67
\BOOKMARK [1][-]{section.4.5}{Early test faults}{chapter.4}% 68
\BOOKMARK [-1][-]{part.3}{III Conclusion}{}% 69
\BOOKMARK [0][-]{chapter.5}{Results}{part.3}% 70
