\BOOKMARK [1][-]{section*.5}{\376\377\000A\000c\000k\000n\000o\000w\000l\000e\000d\000g\000e\000m\000e\000n\000t\000s}{}% 1
\BOOKMARK [1][-]{section*.6}{\376\377\000A\000b\000s\000t\000r\000a\000c\000t}{}% 2
\BOOKMARK [1][-]{section*.7}{\376\377\000R\000e\000a\000d\000i\000n\000g\000\040\000n\000o\000t\000e\000s}{}% 3
\BOOKMARK [0][-]{chapter.1}{\376\377\000I\000n\000t\000r\000o\000d\000u\000c\000t\000i\000o\000n}{}% 4
\BOOKMARK [1][-]{section.1.1}{\376\377\000G\000o\000a\000l}{chapter.1}% 5
\BOOKMARK [1][-]{section.1.2}{\376\377\000M\000o\000t\000i\000v\000a\000t\000i\000o\000n}{chapter.1}% 6
\BOOKMARK [1][-]{section.1.3}{\376\377\000C\000u\000r\000r\000e\000n\000t\000\040\000s\000t\000a\000t\000u\000s}{chapter.1}% 7
\BOOKMARK [2][-]{subsection.1.3.1}{\376\377\000I\000n\000t\000e\000r\000n\000e\000t}{section.1.3}% 8
\BOOKMARK [2][-]{subsection.1.3.2}{\376\377\000M\000o\000b\000i\000l\000e\000\040\000n\000e\000t\000w\000o\000r\000k\000s}{section.1.3}% 9
\BOOKMARK [2][-]{subsection.1.3.3}{\376\377\000A\000\040\000c\000l\000o\000s\000e\000r\000\040\000l\000o\000o\000k\000\040\000a\000t\000\040\000l\000t\000e}{section.1.3}% 10
\BOOKMARK [2][-]{subsection.1.3.4}{\376\377\000I\000n\000t\000r\000o\000d\000u\000c\000t\000i\000o\000n\000\040\000t\000o\000\040\000k\000e\000y\000\040\000f\000e\000a\000t\000u\000r\000e\000s\000\040\000o\000f\000\040\000e\000p\000c}{section.1.3}% 11
\BOOKMARK [1][-]{section.1.4}{\376\377\000F\000u\000t\000u\000r\000e\000\040\000m\000o\000b\000i\000l\000e\000\040\000n\000e\000t\000w\000o\000r\000k\000s}{chapter.1}% 12
\BOOKMARK [2][-]{subsection.1.4.1}{\376\377\000A\000p\000p\000l\000i\000c\000a\000t\000i\000o\000n\000s}{section.1.4}% 13
\BOOKMARK [1][-]{section.1.5}{\376\377\000D\000e\000v\000e\000l\000o\000p\000i\000n\000g\000\040\000w\000i\000r\000e\000l\000e\000s\000s\000\040\000t\000e\000c\000h\000n\000o\000l\000o\000g\000i\000e\000s}{chapter.1}% 14
\BOOKMARK [2][-]{subsection.1.5.1}{\376\377\000T\000h\000e\000\040\000g\000e\000n\000e\000r\000a\000l\000\040\000i\000d\000e\000a}{section.1.5}% 15
\BOOKMARK [2][-]{subsection.1.5.2}{\376\377\000e\000M\000T\000C\000/\000L\000T\000E\000-\000M\0001\000\040\000a\000n\000d\000\040\000n\000b\000-\000i\000o\000t}{section.1.5}% 16
\BOOKMARK [2][-]{subsection.1.5.3}{\376\377\000L\000o\000R\000a}{section.1.5}% 17
\BOOKMARK [0][-]{chapter.2}{\376\377\000A\000\040\000d\000i\000v\000e\000\040\000i\000n\000t\000o\000\040\000N\000a\000r\000r\000o\000w\000B\000a\000n\000d\000\040\000I\000o\000T}{}% 18
\BOOKMARK [1][-]{section.2.1}{\376\377\000S\000y\000s\000t\000e\000m\000\040\000d\000e\000s\000i\000g\000n}{chapter.2}% 19
\BOOKMARK [1][-]{section.2.2}{\376\377\000D\000e\000p\000l\000o\000y\000m\000e\000n\000t}{chapter.2}% 20
\BOOKMARK [1][-]{section.2.3}{\376\377\000i\000o\000t\000\040\000p\000l\000a\000t\000f\000o\000r\000m}{chapter.2}% 21
\BOOKMARK [1][-]{section.2.4}{\376\377\000I\000n\000t\000r\000o\000d\000u\000c\000t\000i\000o\000n\000\040\000t\000o\000\040\000e\000n\000e\000r\000g\000y\000\040\000s\000a\000v\000i\000n\000g}{chapter.2}% 22
\BOOKMARK [2][-]{subsection.2.4.1}{\376\377\000P\000r\000e\000r\000e\000q\000u\000i\000s\000i\000t\000e\000s}{section.2.4}% 23
\BOOKMARK [2][-]{subsection.2.4.2}{\376\377\000r\000r\000c\000\040\000c\000o\000n\000n\000e\000c\000t\000e\000d\000\040\000m\000o\000d\000e}{section.2.4}% 24
\BOOKMARK [2][-]{subsection.2.4.3}{\376\377\000r\000r\000c\000\040\000i\000d\000l\000e\000\040\000m\000o\000d\000e}{section.2.4}% 25
\BOOKMARK [2][-]{subsection.2.4.4}{\376\377\000e\000d\000r\000x}{section.2.4}% 26
\BOOKMARK [2][-]{subsection.2.4.5}{\376\377\000P\000a\000g\000i\000n\000g}{section.2.4}% 27
\BOOKMARK [2][-]{subsection.2.4.6}{\376\377\000p\000s\000m}{section.2.4}% 28
\BOOKMARK [2][-]{subsection.2.4.7}{\376\377\000e\000c\000l}{section.2.4}% 29
\BOOKMARK [2][-]{subsection.2.4.8}{\376\377\000T\000h\000e\000\040\000t\000r\000a\000n\000s\000m\000i\000t\000\040\000p\000r\000o\000c\000e\000d\000u\000r\000e}{section.2.4}% 30
\BOOKMARK [1][-]{section.2.5}{\376\377\000T\000h\000e\000\040\000c\000u\000r\000r\000e\000n\000t\000\040\000m\000a\000r\000k\000e\000t\000\040\000a\000n\000d\000\040\000d\000e\000p\000l\000o\000y\000m\000e\000n\000t\000\040\000s\000t\000r\000a\000t\000e\000g\000i\000e\000s}{chapter.2}% 31
\BOOKMARK [2][-]{subsection.2.5.1}{\376\377\000M\000a\000n\000u\000f\000a\000c\000t\000u\000r\000e\000r\000s\000\040\000a\000n\000d\000\040\000s\000t\000a\000k\000e\000h\000o\000l\000d\000e\000r\000s}{section.2.5}% 32
\BOOKMARK [1][-]{section.2.6}{\376\377\000C\000h\000a\000l\000l\000e\000n\000g\000e\000s}{chapter.2}% 33
\BOOKMARK [0][-]{chapter.3}{\376\377\000W\000h\000e\000r\000e\000,\000\040\000w\000h\000y\000\040\000a\000n\000d\000\040\000h\000o\000w\000?}{}% 34
\BOOKMARK [1][-]{section.3.1}{\376\377\000T\000e\000s\000t\000i\000n\000g\000\040\000e\000n\000v\000i\000r\000o\000n\000m\000e\000n\000t}{chapter.3}% 35
\BOOKMARK [2][-]{subsection.3.1.1}{\376\377\000M\000a\000p\000s\000\040\000a\000n\000d\000\040\000d\000i\000s\000t\000a\000n\000c\000e\000s}{section.3.1}% 36
\BOOKMARK [1][-]{section.3.2}{\376\377\000D\000e\000v\000i\000c\000e\000s}{chapter.3}% 37
\BOOKMARK [2][-]{subsection.3.2.1}{\376\377\000S\000e\000r\000v\000e\000r}{section.3.2}% 38
\BOOKMARK [2][-]{subsection.3.2.2}{\376\377\000n\000b\000-\000i\000o\000t\000\040\000d\000e\000v\000e\000l\000o\000p\000m\000e\000n\000t\000\040\000k\000i\000t}{section.3.2}% 39
\BOOKMARK [2][-]{subsection.3.2.3}{\376\377\000F\000l\000u\000k\000e\000\040\000p\000r\000e\000c\000i\000s\000i\000o\000n\000\040\000m\000u\000l\000t\000i\000m\000e\000t\000e\000r}{section.3.2}% 40
\BOOKMARK [1][-]{section.3.3}{\376\377\000S\000o\000f\000t\000w\000a\000r\000e}{chapter.3}% 41
\BOOKMARK [2][-]{subsection.3.3.1}{\376\377\000T\000e\000s\000t\000\040\000p\000r\000o\000g\000r\000a\000m\000s}{section.3.3}% 42
\BOOKMARK [0][-]{chapter.4}{\376\377\000T\000h\000e\000\040\000w\000e\000b\000\040\000a\000p\000p\000l\000i\000c\000a\000t\000i\000o\000n}{}% 43
\BOOKMARK [1][-]{section.4.1}{\376\377\000B\000a\000c\000k\000e\000n\000d\000:\000\040\000N\000o\000d\000e\000.\000j\000s}{chapter.4}% 44
\BOOKMARK [2][-]{subsection.4.1.1}{\376\377\000T\000h\000e\000\040\000d\000a\000t\000a\000b\000a\000s\000e}{section.4.1}% 45
\BOOKMARK [1][-]{section.4.2}{\376\377\000J\000a\000v\000a\000S\000c\000r\000i\000p\000t\000\040\000p\000a\000c\000k\000a\000g\000e\000s\000\040\000f\000o\000r\000\040\000t\000h\000e\000\040\000s\000e\000r\000v\000e\000r}{chapter.4}% 46
\BOOKMARK [2][-]{subsection.4.2.1}{\376\377\000E\000x\000p\000r\000e\000s\000s}{section.4.2}% 47
\BOOKMARK [2][-]{subsection.4.2.2}{\376\377\000c\000o\000a\000p}{section.4.2}% 48
\BOOKMARK [2][-]{subsection.4.2.3}{\376\377\000C\000l\000u\000s\000t\000e\000r}{section.4.2}% 49
\BOOKMARK [2][-]{subsection.4.2.4}{\376\377\000M\000o\000n\000g\000o\000D\000B}{section.4.2}% 50
\BOOKMARK [2][-]{subsection.4.2.5}{\376\377\000M\000o\000m\000e\000n\000t}{section.4.2}% 51
\BOOKMARK [1][-]{section.4.3}{\376\377\000F\000r\000o\000n\000t\000e\000n\000d}{chapter.4}% 52
\BOOKMARK [2][-]{subsection.4.3.1}{\376\377\000L\000a\000y\000o\000u\000t}{section.4.3}% 53
\BOOKMARK [2][-]{subsection.4.3.2}{\376\377\000A\000n\000a\000l\000y\000s\000i\000s}{section.4.3}% 54
\BOOKMARK [0][-]{chapter.5}{\376\377\000T\000e\000s\000t\000i\000n\000g}{}% 55
\BOOKMARK [1][-]{section.5.1}{\376\377\000S\000h\000o\000r\000t\000-\000t\000e\000r\000m\000\040\000t\000e\000s\000t\000s}{chapter.5}% 56
\BOOKMARK [2][-]{subsection.5.1.1}{\376\377\000G\000e\000n\000e\000r\000a\000l}{section.5.1}% 57
\BOOKMARK [2][-]{subsection.5.1.2}{\376\377\000T\000r\000a\000n\000s\000m\000i\000t\000\040\000p\000o\000w\000e\000r\000\040\000s\000p\000i\000k\000e}{section.5.1}% 58
\BOOKMARK [2][-]{subsection.5.1.3}{\376\377\000L\000o\000s\000s\000\040\000o\000f\000\040\000c\000o\000n\000n\000e\000c\000t\000i\000o\000n\000\040\000p\000r\000i\000o\000r\000\040\000t\000o\000\040\000t\000r\000a\000n\000s\000m\000i\000t}{section.5.1}% 59
\BOOKMARK [2][-]{subsection.5.1.4}{\376\377\000S\000i\000g\000n\000a\000l\000\040\000p\000o\000w\000e\000r\000\040\000a\000n\000d\000\040\000e\000c\000l}{section.5.1}% 60
\BOOKMARK [2][-]{subsection.5.1.5}{\376\377\000T\000r\000a\000n\000s\000m\000i\000t\000\040\000c\000o\000m\000p\000a\000r\000i\000s\000o\000n}{section.5.1}% 61
\BOOKMARK [2][-]{subsection.5.1.6}{\376\377\000P\000a\000c\000k\000e\000t\000\040\000s\000i\000z\000e}{section.5.1}% 62
\BOOKMARK [2][-]{subsection.5.1.7}{\376\377\000S\000e\000n\000s\000o\000r\000\040\000r\000e\000b\000o\000o\000t}{section.5.1}% 63
\BOOKMARK [2][-]{subsection.5.1.8}{\376\377\000D\000o\000w\000n\000t\000i\000m\000e\000\040\000t\000e\000s\000t}{section.5.1}% 64
\BOOKMARK [1][-]{section.5.2}{\376\377\000S\000h\000o\000r\000t\000-\000t\000e\000r\000m\000\040\000f\000i\000g\000u\000r\000e\000s}{chapter.5}% 65
\BOOKMARK [2][-]{subsection.5.2.1}{\376\377\000G\000e\000n\000e\000r\000a\000l}{section.5.2}% 66
\BOOKMARK [2][-]{subsection.5.2.2}{\376\377\000D\000o\000w\000n\000t\000i\000m\000e\000\040\000p\000r\000i\000o\000r\000\040\000t\000o\000\040\000t\000r\000a\000n\000s\000m\000i\000t}{section.5.2}% 67
\BOOKMARK [2][-]{subsection.5.2.3}{\376\377\000e\000c\000l}{section.5.2}% 68
\BOOKMARK [1][-]{section.5.3}{\376\377\000L\000o\000n\000g\000-\000t\000e\000r\000m\000\040\000t\000e\000s\000t\000s}{chapter.5}% 69
\BOOKMARK [2][-]{subsection.5.3.1}{\376\377\000S\000i\000g\000n\000a\000l\000\040\000p\000o\000w\000e\000r\000\040\000a\000n\000d\000\040\000l\000a\000t\000e\000n\000c\000y}{section.5.3}% 70
\BOOKMARK [2][-]{subsection.5.3.2}{\376\377\000C\000e\000l\000l\000\040\000s\000e\000l\000e\000c\000t\000i\000o\000n}{section.5.3}% 71
\BOOKMARK [2][-]{subsection.5.3.3}{\376\377\000t\000s\000r}{section.5.3}% 72
\BOOKMARK [0][-]{chapter.6}{\376\377\000D\000e\000v\000i\000a\000t\000i\000o\000n\000s}{}% 73
\BOOKMARK [1][-]{section.6.1}{\376\377\000I\000m\000p\000r\000e\000c\000i\000s\000e\000\040\000c\000l\000o\000c\000k}{chapter.6}% 74
\BOOKMARK [1][-]{section.6.2}{\376\377\000I\000m\000p\000r\000e\000c\000i\000s\000e\000\040\000N\000U\000E\000S\000T\000A\000T\000S}{chapter.6}% 75
\BOOKMARK [1][-]{section.6.3}{\376\377\000N\000e\000t\000w\000o\000r\000k\000\040\000l\000o\000a\000d}{chapter.6}% 76
\BOOKMARK [1][-]{section.6.4}{\376\377\000N\000e\000t\000w\000o\000r\000k\000\040\000d\000e\000n\000s\000i\000t\000y}{chapter.6}% 77
\BOOKMARK [1][-]{section.6.5}{\376\377\000T\000h\000e\000o\000r\000e\000t\000i\000c\000a\000l\000\040\000v\000s\000.\000\040\000p\000r\000a\000c\000t\000i\000c\000a\000l\000\040\000p\000o\000w\000e\000r\000\040\000u\000s\000a\000g\000e}{chapter.6}% 78
\BOOKMARK [0][-]{chapter.7}{\376\377\000C\000o\000n\000c\000l\000u\000s\000i\000o\000n\000s\000\040\000a\000n\000d\000\040\000f\000u\000t\000u\000r\000e\000\040\000w\000o\000r\000k}{}% 79
\BOOKMARK [1][-]{section.7.1}{\376\377\000R\000e\000a\000l\000\040\000w\000o\000r\000l\000d\000\040\000a\000p\000p\000l\000i\000c\000a\000t\000i\000o\000n\000\040\000g\000u\000i\000d\000e\000l\000i\000n\000e\000s}{chapter.7}% 80
\BOOKMARK [1][-]{section.7.2}{\376\377\000C\000o\000m\000b\000i\000n\000i\000n\000g\000\040\000t\000h\000e\000\040\000r\000e\000s\000u\000l\000t\000s}{chapter.7}% 81
\BOOKMARK [2][-]{subsection.7.2.1}{\376\377\000T\000r\000a\000n\000s\000m\000i\000t\000\040\000p\000r\000o\000c\000e\000s\000s}{section.7.2}% 82
\BOOKMARK [2][-]{subsection.7.2.2}{\376\377\000C\000o\000v\000e\000r\000a\000g\000e\000\040\000a\000n\000d\000\040\000l\000a\000t\000e\000n\000c\000y}{section.7.2}% 83
\BOOKMARK [2][-]{subsection.7.2.3}{\376\377\000C\000o\000n\000n\000e\000c\000t\000i\000o\000n\000\040\000t\000i\000m\000e}{section.7.2}% 84
\BOOKMARK [2][-]{subsection.7.2.4}{\376\377\000U\000p\000t\000i\000m\000e}{section.7.2}% 85
\BOOKMARK [1][-]{section.7.3}{\376\377\000F\000u\000t\000u\000r\000e\000\040\000r\000e\000s\000e\000a\000r\000c\000h}{chapter.7}% 86
\BOOKMARK [1][-]{section.7.4}{\376\377\000F\000i\000n\000a\000l\000\040\000r\000e\000m\000a\000r\000k\000s}{chapter.7}% 87
